{
  "RSpec": {
    "coverage": {
      "/Users/avrj/Documents/Projektit/eventTicketing/app/models/customer.rb": [
        1,
        1,
        null,
        1,
        1,
        1,
        null,
        1,
        1,
        1,
        1,
        1,
        1,
        1,
        1,
        1,
        null,
        22,
        null,
        null,
        null,
        1,
        null,
        1,
        null,
        1,
        1,
        21,
        21,
        21,
        21,
        21,
        null,
        null,
        null,
        1,
        null
      ],
      "/Users/avrj/Documents/Projektit/eventTicketing/app/models/ticket_type.rb": [
        1,
        1,
        null,
        1,
        1,
        null,
        1,
        4,
        null,
        null,
        1,
        4,
        null,
        null
      ],
      "/Users/avrj/Documents/Projektit/eventTicketing/app/models/admin.rb": [
        1,
        1,
        null,
        1,
        1,
        1,
        null,
        1,
        null,
        1,
        1,
        85,
        null,
        null
      ],
      "/Users/avrj/Documents/Projektit/eventTicketing/app/controllers/admin/customers_controller.rb": [
        1,
        1,
        1,
        null,
        null,
        null,
        1,
        2,
        null,
        null,
        1,
        0,
        null,
        null,
        1,
        0,
        null,
        null,
        1,
        0,
        null,
        null,
        null,
        null,
        1,
        2,
        2,
        2,
        null,
        null,
        null,
        1,
        2,
        null,
        null,
        null,
        1,
        null,
        null,
        null,
        null,
        null,
        1,
        0,
        null,
        0,
        0,
        0,
        0,
        null,
        0,
        0,
        null,
        null,
        null,
        null,
        null,
        null,
        1,
        0,
        0,
        0,
        null,
        0,
        null,
        null,
        0,
        0,
        null,
        0,
        null,
        null,
        null,
        null,
        null,
        null,
        1,
        0,
        0,
        0,
        0,
        null,
        null,
        null,
        1,
        null,
        1,
        2,
        null,
        null,
        1,
        0,
        null,
        null,
        1,
        0,
        null,
        null,
        null,
        1,
        0,
        null,
        null
      ],
      "/Users/avrj/Documents/Projektit/eventTicketing/app/controllers/admin/base_controller.rb": [
        1,
        1,
        null,
        1,
        null
      ],
      "/Users/avrj/Documents/Projektit/eventTicketing/app/controllers/application_controller.rb": [
        1,
        null,
        null,
        1,
        null,
        1,
        1,
        1,
        null,
        1,
        16,
        16,
        0,
        null,
        null,
        16,
        0,
        0,
        null,
        null,
        null,
        16,
        null,
        null,
        1,
        185,
        183,
        null,
        null,
        1,
        66,
        56,
        null,
        null,
        null,
        1,
        80,
        null,
        null,
        1,
        6,
        null,
        null,
        1,
        2,
        null,
        null,
        1,
        46,
        null,
        null
      ],
      "/Users/avrj/Documents/Projektit/eventTicketing/app/controllers/admin/orders_controller.rb": [
        1,
        1,
        1,
        null,
        null,
        null,
        null,
        1,
        2,
        null,
        null,
        null,
        null,
        1,
        2,
        2,
        null,
        null,
        null,
        1,
        0,
        null,
        null,
        null,
        1,
        2,
        2,
        null,
        null,
        null,
        null,
        1,
        0,
        null,
        0,
        0,
        0,
        0,
        null,
        0,
        0,
        null,
        null,
        null,
        null,
        null,
        null,
        1,
        0,
        0,
        0,
        0,
        null,
        0,
        0,
        null,
        null,
        null,
        null,
        null,
        null,
        1,
        0,
        null,
        0,
        0,
        0,
        null,
        null,
        null,
        1,
        null,
        1,
        4,
        null,
        null,
        null,
        1,
        0,
        null,
        null
      ],
      "/Users/avrj/Documents/Projektit/eventTicketing/app/controllers/admin/seats_controller.rb": [
        1,
        1,
        1,
        null,
        null,
        null,
        1,
        2,
        null,
        null,
        null,
        null,
        1,
        null,
        null,
        null,
        1,
        2,
        2,
        null,
        null,
        null,
        1,
        2,
        2,
        2,
        2,
        null,
        null,
        null,
        null,
        1,
        4,
        4,
        null,
        4,
        4,
        2,
        2,
        4,
        2,
        null,
        4,
        2,
        null,
        null,
        null,
        null,
        null,
        null,
        1,
        3,
        3,
        3,
        3,
        2,
        1,
        null,
        4,
        2,
        null,
        null,
        0,
        0,
        null,
        null,
        null,
        null,
        null,
        null,
        1,
        2,
        2,
        4,
        2,
        null,
        null,
        null,
        1,
        null,
        1,
        9,
        null,
        null,
        null,
        1,
        28,
        null,
        null
      ],
      "/Users/avrj/Documents/Projektit/eventTicketing/app/controllers/admin/sessions_controller.rb": [
        1,
        1,
        null,
        1,
        2,
        null,
        null,
        null,
        1,
        0,
        0,
        0,
        0,
        null,
        0,
        0,
        null,
        null,
        null,
        1,
        null,
        0,
        null,
        0,
        null,
        null
      ],
      "/Users/avrj/Documents/Projektit/eventTicketing/app/controllers/admin/ticket_types_controller.rb": [
        1,
        1,
        1,
        null,
        null,
        null,
        1,
        2,
        null,
        null,
        null,
        null,
        1,
        2,
        2,
        null,
        null,
        null,
        1,
        2,
        null,
        null,
        null,
        1,
        null,
        null,
        null,
        null,
        1,
        4,
        null,
        4,
        4,
        4,
        2,
        null,
        4,
        2,
        null,
        null,
        null,
        null,
        null,
        null,
        1,
        3,
        3,
        4,
        2,
        null,
        2,
        1,
        null,
        null,
        null,
        null,
        null,
        null,
        1,
        2,
        2,
        4,
        2,
        null,
        null,
        null,
        1,
        null,
        1,
        9,
        null,
        null,
        null,
        1,
        7,
        null,
        null
      ],
      "/Users/avrj/Documents/Projektit/eventTicketing/app/controllers/admin/tickets_controller.rb": [
        1,
        1,
        1,
        null,
        null,
        null,
        1,
        2,
        null,
        null,
        null,
        null,
        1,
        null,
        null,
        null,
        1,
        2,
        2,
        null,
        null,
        null,
        1,
        2,
        null,
        null,
        null,
        null,
        1,
        4,
        null,
        4,
        4,
        4,
        2,
        null,
        4,
        2,
        null,
        null,
        null,
        null,
        null,
        null,
        1,
        3,
        3,
        4,
        2,
        null,
        2,
        1,
        null,
        null,
        null,
        null,
        null,
        null,
        1,
        2,
        2,
        4,
        2,
        null,
        null,
        null,
        1,
        null,
        1,
        9,
        null,
        null,
        null,
        1,
        7,
        null,
        null
      ],
      "/Users/avrj/Documents/Projektit/eventTicketing/app/controllers/admin/users_controller.rb": [
        1,
        1,
        1,
        null,
        null,
        null,
        1,
        2,
        null,
        null,
        null,
        null,
        1,
        null,
        null,
        null,
        1,
        2,
        null,
        null,
        null,
        1,
        null,
        null,
        null,
        null,
        1,
        4,
        null,
        4,
        4,
        4,
        2,
        null,
        4,
        2,
        null,
        null,
        null,
        null,
        null,
        null,
        1,
        3,
        3,
        4,
        2,
        null,
        2,
        1,
        null,
        null,
        null,
        null,
        null,
        null,
        1,
        2,
        2,
        4,
        2,
        null,
        null,
        null,
        1,
        null,
        1,
        9,
        null,
        null,
        null,
        1,
        7,
        null,
        null
      ],
      "/Users/avrj/Documents/Projektit/eventTicketing/app/controllers/customer/contact_informations_controller.rb": [
        1,
        1,
        null,
        1,
        null,
        null,
        null,
        1,
        null,
        null,
        null,
        1,
        0,
        0,
        0,
        0,
        null,
        0,
        null,
        null,
        0,
        0,
        null,
        0,
        null,
        null,
        null,
        0,
        null,
        null,
        null,
        1,
        null,
        1,
        4,
        null,
        null,
        1,
        0,
        null,
        null,
        1,
        0,
        null,
        null,
        null,
        1,
        0,
        null,
        null
      ],
      "/Users/avrj/Documents/Projektit/eventTicketing/app/controllers/customer/base_controller.rb": [
        1,
        1,
        null
      ],
      "/Users/avrj/Documents/Projektit/eventTicketing/app/controllers/customer/orders_controller.rb": [
        1,
        1,
        1,
        null,
        null,
        1,
        0,
        null,
        0,
        null,
        0,
        0,
        null,
        0,
        0,
        null,
        null,
        null,
        null,
        null,
        1,
        2,
        null,
        null,
        null,
        null,
        1,
        0,
        null,
        0,
        0,
        null,
        null,
        1,
        null,
        1,
        0,
        null,
        null,
        null,
        1,
        0,
        null,
        null,
        null,
        1,
        0,
        null,
        null
      ],
      "/Users/avrj/Documents/Projektit/eventTicketing/app/controllers/customer/seat_selector_controller.rb": [
        1,
        1,
        2,
        2,
        null,
        null
      ],
      "/Users/avrj/Documents/Projektit/eventTicketing/app/controllers/customer/sessions_controller.rb": [
        1,
        1,
        null,
        1,
        null,
        null,
        null,
        1,
        0,
        null,
        0,
        0,
        0,
        null,
        0,
        0,
        null,
        null,
        null,
        1,
        null,
        0,
        null,
        0,
        null,
        null
      ],
      "/Users/avrj/Documents/Projektit/eventTicketing/app/controllers/customers_controller.rb": [
        1,
        null,
        1,
        2,
        null,
        null,
        null,
        null,
        1,
        0,
        null,
        0,
        0,
        0,
        0,
        0,
        null,
        0,
        0,
        null,
        null,
        null,
        null,
        null,
        1,
        null,
        1,
        0,
        null,
        null
      ],
      "/Users/avrj/Documents/Projektit/eventTicketing/app/controllers/seats_controller.rb": [
        1,
        1,
        2,
        null,
        null
      ],
      "/Users/avrj/Documents/Projektit/eventTicketing/app/controllers/ticket_types_controller.rb": [
        1,
        1,
        2,
        null,
        null
      ],
      "/Users/avrj/Documents/Projektit/eventTicketing/app/models/reservation.rb": [
        1,
        1,
        1,
        1,
        null,
        1,
        6,
        null,
        6,
        null,
        6,
        1,
        null,
        null,
        6,
        null,
        null,
        null
      ],
      "/Users/avrj/Documents/Projektit/eventTicketing/app/models/seat.rb": [
        1,
        1,
        null,
        1,
        null,
        1,
        1,
        1,
        null
      ],
      "/Users/avrj/Documents/Projektit/eventTicketing/app/models/ticket.rb": [
        1,
        1,
        1,
        1,
        null,
        1,
        1,
        null
      ]
    },
    "timestamp": 1429972249
  }
}
